[debug] [2020-05-26T09:21:06.166Z] ----------------------------------------------------------------------
[debug] [2020-05-26T09:21:06.169Z] Command:       /Users/avidsantiko/.nvm/versions/node/v12.13.0/bin/node /Users/avidsantiko/.nvm/versions/node/v12.13.0/bin/firebase deploy
[debug] [2020-05-26T09:21:06.169Z] CLI Version:   8.1.1
[debug] [2020-05-26T09:21:06.169Z] Platform:      darwin
[debug] [2020-05-26T09:21:06.169Z] Node Version:  v12.13.0
[debug] [2020-05-26T09:21:06.170Z] Time:          Tue May 26 2020 16:21:06 GMT+0700 (Western Indonesia Time)
[debug] [2020-05-26T09:21:06.171Z] ----------------------------------------------------------------------
[debug] [2020-05-26T09:21:06.171Z] 
[debug] [2020-05-26T09:21:06.196Z] > command requires scopes: ["email","openid","https://www.googleapis.com/auth/cloudplatformprojects.readonly","https://www.googleapis.com/auth/firebase","https://www.googleapis.com/auth/cloud-platform"]
[debug] [2020-05-26T09:21:06.196Z] > authorizing via signed-in user
[debug] [2020-05-26T09:21:06.197Z] [iam] checking project clink-e9290 for permissions ["firebase.projects.get","firebasehosting.sites.update"]
[debug] [2020-05-26T09:21:06.202Z] > refreshing access token with scopes: ["email","https://www.googleapis.com/auth/cloud-platform","https://www.googleapis.com/auth/cloudplatformprojects.readonly","https://www.googleapis.com/auth/firebase","openid"]
[debug] [2020-05-26T09:21:06.202Z] >>> HTTP REQUEST POST https://www.googleapis.com/oauth2/v3/token  
 <request body omitted>
[debug] [2020-05-26T09:21:06.366Z] <<< HTTP RESPONSE 200 {"content-type":"application/json; charset=utf-8","vary":"X-Origin, Referer, Origin,Accept-Encoding","date":"Tue, 26 May 2020 09:21:06 GMT","server":"scaffolding on HTTPServer2","cache-control":"private","x-xss-protection":"0","x-frame-options":"SAMEORIGIN","x-content-type-options":"nosniff","alt-svc":"h3-27=\":443\"; ma=2592000,h3-25=\":443\"; ma=2592000,h3-T050=\":443\"; ma=2592000,h3-Q050=\":443\"; ma=2592000,h3-Q049=\":443\"; ma=2592000,h3-Q048=\":443\"; ma=2592000,h3-Q046=\":443\"; ma=2592000,h3-Q043=\":443\"; ma=2592000,quic=\":443\"; ma=2592000; v=\"46,43\"","accept-ranges":"none","transfer-encoding":"chunked"}
[debug] [2020-05-26T09:21:06.396Z] >>> HTTP REQUEST POST https://cloudresourcemanager.googleapis.com/v1/projects/clink-e9290:testIamPermissions  
 {"permissions":["firebase.projects.get","firebasehosting.sites.update"]}
[debug] [2020-05-26T09:21:07.502Z] <<< HTTP RESPONSE 200 {"content-type":"application/json; charset=UTF-8","vary":"X-Origin, Referer, Origin,Accept-Encoding","date":"Tue, 26 May 2020 09:21:07 GMT","server":"ESF","cache-control":"private","x-xss-protection":"0","x-frame-options":"SAMEORIGIN","x-content-type-options":"nosniff","server-timing":"gfet4t7; dur=1018","alt-svc":"h3-27=\":443\"; ma=2592000,h3-25=\":443\"; ma=2592000,h3-T050=\":443\"; ma=2592000,h3-Q050=\":443\"; ma=2592000,h3-Q049=\":443\"; ma=2592000,h3-Q048=\":443\"; ma=2592000,h3-Q046=\":443\"; ma=2592000,h3-Q043=\":443\"; ma=2592000,quic=\":443\"; ma=2592000; v=\"46,43\"","accept-ranges":"none","transfer-encoding":"chunked"}
[debug] [2020-05-26T09:21:07.504Z] >>> HTTP REQUEST GET https://firebase.googleapis.com/v1beta1/projects/clink-e9290  
 
[debug] [2020-05-26T09:21:07.950Z] <<< HTTP RESPONSE 200 {"content-type":"application/json; charset=UTF-8","vary":"X-Origin, Referer, Origin,Accept-Encoding","date":"Tue, 26 May 2020 09:21:07 GMT","server":"ESF","cache-control":"private","x-xss-protection":"0","x-frame-options":"SAMEORIGIN","x-content-type-options":"nosniff","alt-svc":"h3-27=\":443\"; ma=2592000,h3-25=\":443\"; ma=2592000,h3-T050=\":443\"; ma=2592000,h3-Q050=\":443\"; ma=2592000,h3-Q049=\":443\"; ma=2592000,h3-Q048=\":443\"; ma=2592000,h3-Q046=\":443\"; ma=2592000,h3-Q043=\":443\"; ma=2592000,quic=\":443\"; ma=2592000; v=\"46,43\"","accept-ranges":"none","transfer-encoding":"chunked"}
[info] 
[info] === Deploying to 'clink-e9290'...
[info] 
[info] i  deploying hosting
[debug] [2020-05-26T09:21:07.954Z] >>> HTTP REQUEST POST https://firebasehosting.googleapis.com/v1beta1/sites/clink-e9290/versions  
 {"config":{"rewrites":[{"glob":"**","path":"/index.html"}]},"labels":{"deployment-tool":"cli-firebase"}}
[debug] [2020-05-26T09:21:09.799Z] <<< HTTP RESPONSE 200 {"content-type":"application/json; charset=UTF-8","vary":"X-Origin, Referer, Origin,Accept-Encoding","date":"Tue, 26 May 2020 09:21:09 GMT","server":"ESF","cache-control":"private","x-xss-protection":"0","x-frame-options":"SAMEORIGIN","x-content-type-options":"nosniff","alt-svc":"h3-27=\":443\"; ma=2592000,h3-25=\":443\"; ma=2592000,h3-T050=\":443\"; ma=2592000,h3-Q050=\":443\"; ma=2592000,h3-Q049=\":443\"; ma=2592000,h3-Q048=\":443\"; ma=2592000,h3-Q046=\":443\"; ma=2592000,h3-Q043=\":443\"; ma=2592000,quic=\":443\"; ma=2592000; v=\"46,43\"","accept-ranges":"none","transfer-encoding":"chunked"}
[info] i  hosting[clink-e9290]: beginning deploy...
[info] i  hosting[clink-e9290]: found 21 files in build
[debug] [2020-05-26T09:21:10.388Z] [hosting] hash cache [YnVpbGQ] stored for 21 files
[debug] [2020-05-26T09:21:10.389Z] [hosting][hash queue][FINAL] {"max":562,"min":27,"avg":64.95238095238096,"active":0,"complete":21,"success":21,"errored":0,"retried":0,"total":21,"elapsed":575}
[debug] [2020-05-26T09:21:10.389Z] >>> HTTP REQUEST POST https://firebasehosting.googleapis.com/v1beta1/sites/clink-e9290/versions/84115613db146100:populateFiles  
 <request body omitted>
