[debug] [2020-07-08T16:00:14.507Z] ----------------------------------------------------------------------
[debug] [2020-07-08T16:00:14.509Z] Command:       /snap/firebase/1/bin/node /snap/firebase/1/bin/firebase init
[debug] [2020-07-08T16:00:14.510Z] CLI Version:   3.16.0
[debug] [2020-07-08T16:00:14.510Z] Platform:      linux
[debug] [2020-07-08T16:00:14.510Z] Node Version:  v6.11.4
[debug] [2020-07-08T16:00:14.510Z] Time:          Wed Jul 08 2020 23:00:14 GMT+0700 (WIB)
[debug] [2020-07-08T16:00:14.510Z] ----------------------------------------------------------------------
[debug] 
[debug] [2020-07-08T16:00:14.524Z] > command requires scopes: ["email","openid","https://www.googleapis.com/auth/cloudplatformprojects.readonly","https://www.googleapis.com/auth/firebase"]
[debug] [2020-07-08T16:00:14.524Z] > authorizing via signed-in user
[info] 
     ######## #### ########  ######## ########     ###     ######  ########
     ##        ##  ##     ## ##       ##     ##  ##   ##  ##       ##
     ######    ##  ########  ######   ########  #########  ######  ######
     ##        ##  ##    ##  ##       ##     ## ##     ##       ## ##
     ##       #### ##     ## ######## ########  ##     ##  ######  ########

You're about to initialize a Firebase project in this directory:

  /home/isa/clink1/building-management-apps-web

Before we get started, keep in mind:

  * You are currently outside your home directory
  * You are initializing in an existing Firebase project directory

[warn] ⚠  You have have not selected any features. Continuing will simply associate this folder with a Firebase project. Press Ctrl + C if you want to start over.
[info] 
=== Project Setup
[info] 
[info] First, let's associate this project directory with a Firebase project.
[info] You can create multiple project aliases by running firebase use --add, 
[info] but for now we'll just set up a default project.
[info] 
[debug] [2020-07-08T16:00:29.817Z] > refreshing access token with scopes: ["email","https://www.googleapis.com/auth/cloudplatformprojects.readonly","https://www.googleapis.com/auth/firebase","openid"]
[debug] [2020-07-08T16:00:29.818Z] >>> HTTP REQUEST POST https://www.googleapis.com/oauth2/v3/token  
 { refresh_token: '1//0gJhsjnEY7-o1CgYIARAAGBASNwF-L9Ira8so1vADvT4iMjRIS_BUpE8ZcecWOc_84zXUSRObSi0YN-InEnLyKtmtvhNKrGBsL0M',
  client_id: '563584335869-fgrhgmd47bqnekij5i8b5pr03ho849e6.apps.googleusercontent.com',
  client_secret: 'j9iVZfS8kkCEFUPaAeJV0sAi',
  grant_type: 'refresh_token',
  scope: 'email https://www.googleapis.com/auth/cloudplatformprojects.readonly https://www.googleapis.com/auth/firebase openid' } 
 Wed Jul 08 2020 23:00:29 GMT+0700 (WIB)
[debug] [2020-07-08T16:00:29.954Z] <<< HTTP RESPONSE 200
[debug] [2020-07-08T16:00:29.959Z] >>> HTTP REQUEST GET https://admin.firebase.com/v1/projects  
  
 Wed Jul 08 2020 23:00:29 GMT+0700 (WIB)
